<?xml version="1.0" encoding="UTF-8"?>
<!-- Generated by org.testng.reporters.JUnitReportReporter -->
<testsuite hostname="EPINPUNW00A3" failures="0" tests="1" name="docker_selenium_grid.googleSearchChrome" time="9.887" errors="0" timestamp="2021-04-05T01:46:55 IST" skipped="0">
  <testcase classname="docker_selenium_grid.googleSearchChrome" name="googleSearch" time="9.887"/>
  <system-out/>
</testsuite> <!-- docker_selenium_grid.googleSearchChrome -->
